<?xml version="1.0" encoding="UTF-8"?>
<!-- Generated by org.testng.reporters.JUnitReportReporter -->
<testsuite hostname="sujit" failures="0" tests="4" name="api.test.petTest" time="0.000" errors="0" timestamp="2024-08-25T10:51:50 IST" skipped="4">
  <testcase classname="api.test.petTest" name="createPetTest" time="0.000">
    <skipped/>
  </testcase> <!-- createPetTest -->
  <system-out/>
  <testcase classname="api.test.petTest" name="updatePetTest" time="0.000">
    <skipped/>
  </testcase> <!-- updatePetTest -->
  <system-out/>
  <testcase classname="api.test.petTest" name="getPetTest" time="0.000">
    <skipped/>
  </testcase> <!-- getPetTest -->
  <system-out/>
  <testcase classname="api.test.petTest" name="deletePetTest" time="0.000">
    <skipped/>
  </testcase> <!-- deletePetTest -->
  <system-out/>
</testsuite> <!-- api.test.petTest -->
